<?xml version="1.0" encoding="UTF-8"?>
<testsuite xmlns:xsi="http://www.w3.org/2001/XMLSchema-instance" xsi:noNamespaceSchemaLocation="https://maven.apache.org/surefire/maven-surefire-plugin/xsd/surefire-test-report.xsd" version="3.0.2" name="jar.DemoApplicationTests" time="25.17" tests="1" errors="0" skipped="0" failures="0">
  <properties>
[...]
</properties>
  <testcase name="contextLoads" classname="jar.DemoApplicationTests" time="0.904">
    <system-out><![CDATA[13:27:13.162 [main] INFO org.springframework.test.context.support.AnnotationConfigContextLoaderUtils -- Could not detect default configuration classes for test class [jar.DemoApplicationTests]: DemoApplicationTests does not declare any static, non-private, non-final, nested classes annotated with @Configuration.
13:27:13.646 [main] INFO org.springframework.boot.test.context.SpringBootTestContextBootstrapper -- Found @SpringBootConfiguration jar.DemoApplication for test class jar.DemoApplicationTests
13:27:14.312 [main] INFO org.springframework.boot.devtools.restart.RestartApplicationListener -- Restart disabled due to context in which it is running

  .   ____          _            __ _ _
 /\\ / ___'_ __ _ _(_)_ __  __ _ \ \ \ \
( ( )\___ | '_ | '_| | '_ \/ _` | \ \ \ \
 \\/  ___)| |_)| | | | | || (_| |  ) ) ) )
  '  |____| .__|_| |_|_| |_\__, | / / / /
 =========|_|==============|___/=/_/_/_/

 :: Spring Boot ::                (v4.0.2)

2026-03-27T13:27:15.019+05:30  INFO 10000 --- [demo] [           main] jar.DemoApplicationTests                 : Starting DemoApplicationTests using Java 25.0.1 with PID 10000 (started by madal in C:\Users\madal\OneDrive\Desktop\TT project 17-2-26\backend)
2026-03-27T13:27:15.023+05:30  INFO 10000 --- [demo] [           main] jar.DemoApplicationTests                 : No active profile set, falling back to 1 default profile: "default"
2026-03-27T13:27:17.041+05:30  INFO 10000 --- [demo] [           main] .s.d.r.c.RepositoryConfigurationDelegate : Bootstrapping Spring Data JPA repositories in DEFAULT mode.
2026-03-27T13:27:17.218+05:30  INFO 10000 --- [demo] [           main] .s.d.r.c.RepositoryConfigurationDelegate : Finished Spring Data repository scanning in 153 ms. Found 4 JPA repository interfaces.
2026-03-27T13:27:18.446+05:30  INFO 10000 --- [demo] [           main] org.hibernate.orm.jpa                    : HHH008540: Processing PersistenceUnitInfo [name: default]
2026-03-27T13:27:18.696+05:30  INFO 10000 --- [demo] [           main] org.hibernate.orm.core                   : HHH000001: Hibernate ORM core version 7.2.1.Final
2026-03-27T13:27:20.376+05:30  INFO 10000 --- [demo] [           main] o.s.o.j.p.SpringPersistenceUnitInfo      : No LoadTimeWeaver setup: ignoring JPA class transformer
2026-03-27T13:27:20.475+05:30  INFO 10000 --- [demo] [           main] com.zaxxer.hikari.HikariDataSource       : HikariPool-1 - Starting...
2026-03-27T13:27:23.530+05:30  INFO 10000 --- [demo] [           main] com.zaxxer.hikari.pool.HikariPool        : HikariPool-1 - Added connection org.postgresql.jdbc.PgConnection@3694461d
2026-03-27T13:27:23.534+05:30  INFO 10000 --- [demo] [           main] com.zaxxer.hikari.HikariDataSource       : HikariPool-1 - Start completed.
2026-03-27T13:27:23.837+05:30  WARN 10000 --- [demo] [           main] org.hibernate.orm.deprecation            : HHH90000025: PostgreSQLDialect does not need to be specified explicitly using 'hibernate.dialect' (remove the property setting and it will be selected by default)
2026-03-27T13:27:24.789+05:30  INFO 10000 --- [demo] [           main] org.hibernate.orm.connections.pooling    : HHH10001005: Database info:
	Database JDBC URL [jdbc:postgresql://ep-wispy-dawn-ai6dy7ik-pooler.c-4.us-east-1.aws.neon.tech:5432/neondb?sslmode=require]
	Database driver: PostgreSQL JDBC Driver
	Database dialect: PostgreSQLDialect
	Database version: 17.8
	Default catalog/schema: neondb/public
	Autocommit mode: undefined/unknown
	Isolation level: READ_COMMITTED [default READ_COMMITTED]
	JDBC fetch size: none
	Pool: DataSourceConnectionProvider
	Minimum pool size: undefined/unknown
	Maximum pool size: undefined/unknown
2026-03-27T13:27:27.978+05:30  INFO 10000 --- [demo] [           main] org.hibernate.orm.core                   : HHH000489: No JTA platform available (set 'hibernate.transaction.jta.platform' to enable JTA platform integration)
2026-03-27T13:27:30.759+05:30  INFO 10000 --- [demo] [           main] j.LocalContainerEntityManagerFactoryBean : Initialized JPA EntityManagerFactory for persistence unit 'default'
2026-03-27T13:27:30.972+05:30  INFO 10000 --- [demo] [           main] o.s.d.j.r.query.QueryEnhancerFactories   : Hibernate is in classpath; If applicable, HQL parser will be used.
2026-03-27T13:27:32.971+05:30  WARN 10000 --- [demo] [           main] JpaBaseConfiguration$JpaWebConfiguration : spring.jpa.open-in-view is enabled by default. Therefore, database queries may be performed during view rendering. Explicitly configure spring.jpa.open-in-view to disable this warning
2026-03-27T13:27:33.263+05:30  INFO 10000 --- [demo] [           main] r$InitializeUserDetailsManagerConfigurer : Global AuthenticationManager configured with UserDetailsService bean with name customUserDetailsService
2026-03-27T13:27:34.859+05:30  INFO 10000 --- [demo] [           main] jar.DemoApplicationTests                 : Started DemoApplicationTests in 20.612 seconds (process running for 23.665)
Successfully dropped organization column from internships table.
Error dropping column: ERROR: new row for relation "users" violates check constraint "users_role_check"
  Detail: Failing row contains (10, 2026-03-17 10:00:21.972637, 23eg106d41@anurag.edu.in, t, sai kumar, $2a$10$elxZ4hDRNlhBhT2vn2uXj.Qvkz1uZ4oW./z3I3c9CEk07gq78zksi, null, STUDENT, 1111111111).
=== INTERNSHIPS COLUMNS ===
id - int8
company - varchar
created_at - timestamp
external_job_id - varchar
location - varchar
skills - text
source - varchar
title - varchar
external_link - varchar
deadline - varchar
description - text
duration - varchar
stipend - varchar
=== SKILLS COLUMNS ===
id - int8
name - varchar
=== INTERNSHIP_SKILLS COLUMNS ===
skill_id - int8
internship_id - int8
Hibernate: select u1_0.id,u1_0.created_at,u1_0.email,u1_0.is_active,u1_0.name,u1_0.password,u1_0.phone,u1_0.role from users u1_0 where u1_0.role=?
2026-03-27T13:27:36.845+05:30  INFO 10000 --- [demo] [           main] jar.AdminInitializer                     : Admin account already exists: madalamanikanta38@gmail.com
]]></system-out>
    <system-err><![CDATA[Mockito is currently self-attaching to enable the inline-mock-maker. This will no longer work in future releases of the JDK. Please add Mockito as an agent to your build as described in Mockito's documentation: https://javadoc.io/doc/org.mockito/mockito-core/latest/org.mockito/org/mockito/Mockito.html#0.3
WARNING: A Java agent has been loaded dynamically (C:\Users\madal\.m2\repository\net\bytebuddy\byte-buddy-agent\1.17.8\byte-buddy-agent-1.17.8.jar)
WARNING: If a serviceability tool is in use, please run with -XX:+EnableDynamicAgentLoading to hide this warning
WARNING: If a serviceability tool is not in use, please run with -Djdk.instrument.traceUsage for more information
WARNING: Dynamic loading of agents will be disallowed by default in a future release
]]></system-err>
  </testcase>
</testsuite>